<?xml version="1.0" encoding="UTF-8"?>
<testsuite name="ContaBancariaTest" tests="1" skipped="0" failures="0" errors="0" timestamp="2022-08-25T16:54:00" hostname="DESKTOP-ABK5FEO" time="0.022">
  <properties/>
  <testcase name="verificaEstadoDaContaTest()" classname="ContaBancariaTest" time="0.022"/>
  <system-out><![CDATA[Conta Ativa
]]></system-out>
  <system-err><![CDATA[]]></system-err>
</testsuite>
