<?xml version="1.0" encoding="UTF-8"?>
<testsuite name="conversormoedas.ConversorDeMoedasTest" tests="1" skipped="0" failures="0" errors="0" timestamp="2022-08-25T17:37:59" hostname="DESKTOP-ABK5FEO" time="0.012">
  <properties/>
  <testcase name="conversorDeRealParaDolarTest()" classname="conversormoedas.ConversorDeMoedasTest" time="0.012"/>
  <system-out><![CDATA[]]></system-out>
  <system-err><![CDATA[]]></system-err>
</testsuite>
