<?xml version="1.0" encoding="UTF-8"?>
<testsuite name="FuncionarioTest" tests="1" skipped="0" failures="0" errors="0" timestamp="2022-08-25T16:28:40" hostname="DESKTOP-ABK5FEO" time="0.012">
  <properties/>
  <testcase name="bonusTest()" classname="FuncionarioTest" time="0.012"/>
  <system-out><![CDATA[]]></system-out>
  <system-err><![CDATA[]]></system-err>
</testsuite>
